android/app/build/intermediates/manifest_merge_blame_file/release/processReleaseMainManifest/manifest-merger-blame-release-report.txt
1<?xml version="1.0" encoding="utf-8"?>
2<manifest xmlns:android="http://schemas.android.com/apk/res/android"
3    package="com.ntsec.snake"
4    android:versionCode="1"
5    android:versionName="1.0" >
6
7    <uses-sdk
8        android:minSdkVersion="24"
9        android:targetSdkVersion="34" />
10    <!--
11     安全声明：本应用不申请任何运行时权限。
12         不申请 INTERNET：游戏完全本地运行，WebView 仅加载内置 assets，
13         无网络 = 无数据外传通道（系统层面保证）。
14    -->
15    <application
15-->src/main/AndroidManifest.xml:8:5-26:19
16        android:allowBackup="false"
16-->src/main/AndroidManifest.xml:9:9-36
17        android:extractNativeLibs="false"
18        android:icon="@mipmap/ic_launcher"
18-->src/main/AndroidManifest.xml:10:9-43
19        android:label="@string/app_name"
19-->src/main/AndroidManifest.xml:11:9-41
20        android:supportsRtl="true"
20-->src/main/AndroidManifest.xml:12:9-35
21        android:theme="@style/Theme.Snake" >
21-->src/main/AndroidManifest.xml:13:9-43
22        <activity
22-->src/main/AndroidManifest.xml:15:9-25:20
23            android:name="com.ntsec.snake.SnakeActivity"
23-->src/main/AndroidManifest.xml:16:13-42
24            android:configChanges="orientation|screenSize|screenLayout|keyboardHidden"
24-->src/main/AndroidManifest.xml:18:13-87
25            android:exported="true"
25-->src/main/AndroidManifest.xml:17:13-36
26            android:launchMode="singleTask"
26-->src/main/AndroidManifest.xml:20:13-44
27            android:screenOrientation="portrait" >
27-->src/main/AndroidManifest.xml:19:13-49
28            <intent-filter>
28-->src/main/AndroidManifest.xml:21:13-24:29
29                <action android:name="android.intent.action.MAIN" />
29-->src/main/AndroidManifest.xml:22:17-69
29-->src/main/AndroidManifest.xml:22:25-66
30
31                <category android:name="android.intent.category.LAUNCHER" />
31-->src/main/AndroidManifest.xml:23:17-77
31-->src/main/AndroidManifest.xml:23:27-74
32            </intent-filter>
33        </activity>
34    </application>
35
36</manifest>